04-02-2019 @ 07:29:10 - receipt_page 189
04-02-2019 @ 07:29:10 - Array
(
    [key] => wc_order_JpiYZwrYZ3pLx
    [order] => 189
    [woocommerce-login-nonce] => 
    [_wpnonce] => 
)

04-02-2019 @ 07:30:28 - receipt_page 189
04-02-2019 @ 07:30:28 - Array
(
    [key] => wc_order_JpiYZwrYZ3pLx
    [order] => 189
    [woocommerce-login-nonce] => 
    [_wpnonce] => 
)

04-02-2019 @ 07:33:32 - receipt_page 189
04-02-2019 @ 07:33:32 - Array
(
    [key] => wc_order_JpiYZwrYZ3pLx
    [order] => 189
    [woocommerce-login-nonce] => 
    [_wpnonce] => 
)

04-02-2019 @ 07:35:24 - receipt_page 189
04-02-2019 @ 07:35:24 - Array
(
    [key] => wc_order_JpiYZwrYZ3pLx
    [order] => 189
    [woocommerce-login-nonce] => 
    [_wpnonce] => 
)

04-02-2019 @ 07:36:35 - receipt_page 189
04-02-2019 @ 07:36:35 - Array
(
    [key] => wc_order_JpiYZwrYZ3pLx
    [order] => 189
    [woocommerce-login-nonce] => 
    [_wpnonce] => 
)

04-02-2019 @ 07:37:02 - receipt_page 189
04-02-2019 @ 07:37:02 - Array
(
    [key] => wc_order_JpiYZwrYZ3pLx
    [order] => 189
    [woocommerce-login-nonce] => 
    [_wpnonce] => 
)

04-02-2019 @ 07:37:16 - receipt_page 189
04-02-2019 @ 07:37:16 - Array
(
    [key] => wc_order_JpiYZwrYZ3pLx
    [order] => 189
    [woocommerce-login-nonce] => 
    [_wpnonce] => 
)

04-02-2019 @ 07:37:33 - receipt_page 189
04-02-2019 @ 07:37:33 - Array
(
    [key] => wc_order_JpiYZwrYZ3pLx
    [order] => 189
    [woocommerce-login-nonce] => 
    [_wpnonce] => 
)

04-02-2019 @ 08:03:16 - receipt_page 189
04-02-2019 @ 08:03:16 - Array
(
    [key] => wc_order_JpiYZwrYZ3pLx
    [order] => 189
    [woocommerce-login-nonce] => 
    [_wpnonce] => 
)

04-02-2019 @ 08:07:36 - receipt_page 189
04-02-2019 @ 08:07:36 - Array
(
    [key] => wc_order_JpiYZwrYZ3pLx
    [order] => 189
    [woocommerce-login-nonce] => 
    [_wpnonce] => 
)

