04-03-2019 @ 10:35:08 - receipt_page 195
04-03-2019 @ 10:35:08 - Array
(
    [key] => wc_order_5niAkmoLhzTJu
    [order] => 195
    [woocommerce-login-nonce] => 
    [_wpnonce] => 
)

04-03-2019 @ 10:35:59 - receipt_page 195
04-03-2019 @ 10:35:59 - Array
(
    [key] => wc_order_5niAkmoLhzTJu
    [order] => 195
    [woocommerce-login-nonce] => 
    [_wpnonce] => 
)

04-03-2019 @ 10:45:35 - receipt_page 195
04-03-2019 @ 10:45:35 - Array
(
    [key] => wc_order_5niAkmoLhzTJu
    [order] => 195
    [woocommerce-login-nonce] => 
    [_wpnonce] => 
)

04-03-2019 @ 11:07:33 - receipt_page 196
04-03-2019 @ 11:07:33 - Array
(
    [key] => wc_order_ZVvfw1OBQH976
    [order] => 196
    [woocommerce-login-nonce] => 
    [_wpnonce] => 
)

04-03-2019 @ 11:08:54 - receipt_page 196
04-03-2019 @ 11:08:54 - Array
(
    [key] => wc_order_ZVvfw1OBQH976
    [order] => 196
    [woocommerce-login-nonce] => 
    [_wpnonce] => 
)

04-03-2019 @ 11:09:41 - receipt_page 197
04-03-2019 @ 11:09:41 - Array
(
    [key] => wc_order_Mnyu6Wm8WWddS
    [order] => 197
    [woocommerce-login-nonce] => 
    [_wpnonce] => 
)

04-03-2019 @ 11:16:43 - receipt_page 198
04-03-2019 @ 11:16:43 - Array
(
    [key] => wc_order_kGMzbkTKIk7MA
    [order] => 198
    [woocommerce-login-nonce] => 
    [_wpnonce] => 
)

04-03-2019 @ 11:20:57 - receipt_page 198
04-03-2019 @ 11:20:57 - Array
(
    [key] => wc_order_kGMzbkTKIk7MA
    [order] => 198
    [woocommerce-login-nonce] => 
    [_wpnonce] => 
)

04-03-2019 @ 12:25:49 - receipt_page 198
04-03-2019 @ 12:25:49 - Array
(
    [key] => wc_order_kGMzbkTKIk7MA
    [order] => 198
    [woocommerce-login-nonce] => 
    [_wpnonce] => 
)

04-03-2019 @ 12:31:59 - receipt_page 199
04-03-2019 @ 12:31:59 - Array
(
    [key] => wc_order_k0ZR0UofcCU9S
    [order] => 199
    [woocommerce-login-nonce] => 
    [_wpnonce] => 
)

04-03-2019 @ 12:57:06 - receipt_page 200
04-03-2019 @ 12:57:06 - Array
(
    [key] => wc_order_98Z33dCaM0fu8
    [order] => 200
    [woocommerce-login-nonce] => 
    [_wpnonce] => 
)

04-03-2019 @ 12:57:20 - receipt_page 200
04-03-2019 @ 12:57:20 - Array
(
    [key] => wc_order_98Z33dCaM0fu8
    [order] => 200
    [woocommerce-login-nonce] => 
    [_wpnonce] => 
)

04-03-2019 @ 13:01:04 - receipt_page 200
04-03-2019 @ 13:01:04 - Array
(
    [key] => wc_order_98Z33dCaM0fu8
    [order] => 200
    [woocommerce-login-nonce] => 
    [_wpnonce] => 
)

